<?xml version="1.0" encoding="UTF-8"?>
<robot generator="Robot 7.0.1 (Python 3.11.4 on win32)" generated="2024-08-09T14:30:07.406396" rpa="false" schemaversion="5">
<suite id="s1" name="Crm2" source="C:\Development\Robot-Scripts\RobotScripts\CRM_2\tests\crm2.robot">
<kw name="Begin Web Test" owner="Common" type="SETUP">
<kw name="Log" owner="BuiltIn">
<msg time="2024-08-09T14:30:07.694028" level="INFO">Starting web test</msg>
<arg>Starting web test</arg>
<doc>Logs the given message with the given level.</doc>
<status status="PASS" start="2024-08-09T14:30:07.694028" elapsed="0.000000"/>
</kw>
<kw name="Open Browser" owner="SeleniumLibrary">
<msg time="2024-08-09T14:30:07.695028" level="INFO">Opening browser 'ff' to base url 'about:blank'.</msg>
<arg>about:blank</arg>
<arg>${BROWSER}</arg>
<doc>Opens a new browser instance to the optional ``url``.</doc>
<status status="PASS" start="2024-08-09T14:30:07.694028" elapsed="5.993194"/>
</kw>
<status status="PASS" start="2024-08-09T14:30:07.693028" elapsed="5.994194"/>
</kw>
<test id="s1-t1" name="Should Be Able To Load The Login Page" line="28">
<kw name="Go To Main Page" owner="CRMApp">
<kw name="Load Main Page" owner="MainPage">
<kw name="Go To" owner="SeleniumLibrary">
<msg time="2024-08-09T14:30:13.689210" level="INFO">Opening url 'https://www.automationplayground.com/crm/'</msg>
<arg>${URL}</arg>
<doc>Navigates the current browser window to the provided ``url``.</doc>
<status status="PASS" start="2024-08-09T14:30:13.689210" elapsed="11.130242"/>
</kw>
<status status="PASS" start="2024-08-09T14:30:13.688206" elapsed="11.131246"/>
</kw>
<kw name="Verify Page Loaded" owner="MainPage">
<kw name="Wait Until Page Contains" owner="SeleniumLibrary">
<arg>Customers Are Priority One</arg>
<doc>Waits until ``text`` appears on the current page.</doc>
<status status="PASS" start="2024-08-09T14:30:24.819452" elapsed="0.031996"/>
</kw>
<status status="PASS" start="2024-08-09T14:30:24.819452" elapsed="0.031996"/>
</kw>
<status status="PASS" start="2024-08-09T14:30:13.688206" elapsed="11.163242"/>
</kw>
<doc>Some basic main page opening test</doc>
<tag>testone</tag>
<status status="PASS" start="2024-08-09T14:30:13.687222" elapsed="11.165223"/>
</test>
<test id="s1-t2" name="Should Be Able To Sign In" line="32">
<kw name="Load SignIn Page" owner="CRMApp">
<kw name="Click SignIn" owner="TopNav">
<kw name="Click Link" owner="SeleniumLibrary">
<msg time="2024-08-09T14:30:24.855450" level="INFO">Clicking link 'xpath=//*[@id="SignIn"]'.</msg>
<arg>${SIGNINBTN}</arg>
<doc>Clicks a link identified by ``locator``.</doc>
<status status="PASS" start="2024-08-09T14:30:24.854451" elapsed="0.376985"/>
</kw>
<status status="PASS" start="2024-08-09T14:30:24.853447" elapsed="0.378990"/>
</kw>
<kw name="Verify SignIn Loaded" owner="SignInPage">
<kw name="Wait Until Page Contains" owner="SeleniumLibrary">
<arg>Login</arg>
<doc>Waits until ``text`` appears on the current page.</doc>
<status status="PASS" start="2024-08-09T14:30:25.232437" elapsed="0.015998"/>
</kw>
<status status="PASS" start="2024-08-09T14:30:25.232437" elapsed="0.015998"/>
</kw>
<kw name="Enter Email Address" owner="SignInPage">
<kw name="Input Text" owner="SeleniumLibrary">
<msg time="2024-08-09T14:30:25.249436" level="INFO">Typing text 'anything@anything.com' into text field 'xpath=//*[@id="email-id"]'.</msg>
<arg>${SIGNINEMAIL}</arg>
<arg>anything@anything.com</arg>
<doc>Types the given ``text`` into the text field identified by ``locator``.</doc>
<status status="PASS" start="2024-08-09T14:30:25.249436" elapsed="0.047002"/>
</kw>
<status status="PASS" start="2024-08-09T14:30:25.248435" elapsed="0.048999"/>
</kw>
<kw name="Enter Password" owner="SignInPage">
<kw name="Input Password" owner="SeleniumLibrary">
<msg time="2024-08-09T14:30:25.297434" level="INFO">Typing password into text field 'xpath=//*[@id="password"]'.</msg>
<msg time="2024-08-09T14:30:25.310436" level="INFO">Temporally setting log level to: NONE</msg>
<arg>${SIGNINPASSWORD}</arg>
<arg>anything</arg>
<doc>Types the given password into the text field identified by ``locator``.</doc>
<status status="PASS" start="2024-08-09T14:30:25.297434" elapsed="0.023004"/>
</kw>
<status status="PASS" start="2024-08-09T14:30:25.297434" elapsed="0.023004"/>
</kw>
<kw name="Click Remember" owner="SignInPage">
<kw name="Select Checkbox" owner="SeleniumLibrary">
<msg time="2024-08-09T14:30:25.321441" level="INFO">Selecting checkbox 'id=remember'.</msg>
<arg>${SIGNINREMEMBER}</arg>
<doc>Selects the checkbox identified by ``locator``.</doc>
<status status="PASS" start="2024-08-09T14:30:25.321441" elapsed="0.246022"/>
</kw>
<status status="PASS" start="2024-08-09T14:30:25.320438" elapsed="0.248021"/>
</kw>
<kw name="Click Submit" owner="SignInPage">
<kw name="Click Button" owner="SeleniumLibrary">
<msg time="2024-08-09T14:30:25.568459" level="INFO">Clicking button 'id=submit-id'.</msg>
<arg>${SIGNINSUBMIT}</arg>
<doc>Clicks the button identified by ``locator``.</doc>
<status status="PASS" start="2024-08-09T14:30:25.568459" elapsed="0.406996"/>
</kw>
<status status="PASS" start="2024-08-09T14:30:25.568459" elapsed="0.406996"/>
</kw>
<kw name="Verify Page Loaded" owner="CustomerPage">
<kw name="Wait Until Page Contains" owner="SeleniumLibrary">
<arg>Our Happy Customers</arg>
<doc>Waits until ``text`` appears on the current page.</doc>
<status status="PASS" start="2024-08-09T14:30:25.975455" elapsed="0.010535"/>
</kw>
<status status="PASS" start="2024-08-09T14:30:25.975455" elapsed="0.010535"/>
</kw>
<status status="PASS" start="2024-08-09T14:30:24.853447" elapsed="1.132543"/>
</kw>
<tag>testone</tag>
<status status="PASS" start="2024-08-09T14:30:24.852445" elapsed="1.133545"/>
</test>
<test id="s1-t3" name="Shouble Be Able To Add a New Customer" line="35">
<kw name="Add New Customer" owner="CRMApp">
<kw name="Click New Customer" owner="CustomerPage">
<kw name="Click Link" owner="SeleniumLibrary">
<msg time="2024-08-09T14:30:25.988993" level="INFO">Clicking link 'xpath=//*[@id="new-customer"]'.</msg>
<arg>${NEWCUSTBTN}</arg>
<doc>Clicks a link identified by ``locator``.</doc>
<status status="PASS" start="2024-08-09T14:30:25.988008" elapsed="0.421171"/>
</kw>
<status status="PASS" start="2024-08-09T14:30:25.988008" elapsed="0.422179"/>
</kw>
<kw name="Enter EmailAddress" owner="NewCustomer">
<kw name="Input Text" owner="SeleniumLibrary">
<msg time="2024-08-09T14:30:26.411179" level="INFO">Typing text 'anythin@anything.com' into text field 'xpath=//*[@id="EmailAddress"]'.</msg>
<arg>${NEWCUSTEMAIL}</arg>
<arg>anythin@anything.com</arg>
<doc>Types the given ``text`` into the text field identified by ``locator``.</doc>
<status status="PASS" start="2024-08-09T14:30:26.411179" elapsed="0.094998"/>
</kw>
<status status="PASS" start="2024-08-09T14:30:26.410187" elapsed="0.095990"/>
</kw>
<kw name="Enter FirstName" owner="NewCustomer">
<kw name="Input Text" owner="SeleniumLibrary">
<msg time="2024-08-09T14:30:26.507185" level="INFO">Typing text 'John' into text field 'xpath=//*[@id="FirstName"]'.</msg>
<arg>${NEWCUSTFNAME}</arg>
<arg>John</arg>
<doc>Types the given ``text`` into the text field identified by ``locator``.</doc>
<status status="PASS" start="2024-08-09T14:30:26.507185" elapsed="0.021991"/>
</kw>
<status status="PASS" start="2024-08-09T14:30:26.507185" elapsed="0.021991"/>
</kw>
<kw name="Enter LastName" owner="NewCustomer">
<kw name="Input Text" owner="SeleniumLibrary">
<msg time="2024-08-09T14:30:26.530174" level="INFO">Typing text 'Doe' into text field 'xpath=//*[@id="LastName"]'.</msg>
<arg>${NEWCUSTLNAME}</arg>
<arg>Doe</arg>
<doc>Types the given ``text`` into the text field identified by ``locator``.</doc>
<status status="PASS" start="2024-08-09T14:30:26.529176" elapsed="0.020998"/>
</kw>
<status status="PASS" start="2024-08-09T14:30:26.529176" elapsed="0.020998"/>
</kw>
<kw name="Enter City" owner="NewCustomer">
<kw name="Input Text" owner="SeleniumLibrary">
<msg time="2024-08-09T14:30:26.551173" level="INFO">Typing text 'Alabama' into text field 'xpath=//*[@id="City"]'.</msg>
<arg>${NEWCUSTCITY}</arg>
<arg>Alabama</arg>
<doc>Types the given ``text`` into the text field identified by ``locator``.</doc>
<status status="PASS" start="2024-08-09T14:30:26.551173" elapsed="0.022011"/>
</kw>
<status status="PASS" start="2024-08-09T14:30:26.551173" elapsed="0.022011"/>
</kw>
<kw name="Choose State" owner="NewCustomer">
<kw name="Select From List By Value" owner="SeleniumLibrary">
<msg time="2024-08-09T14:30:26.574174" level="INFO">Selecting options from selection list 'xpath=//*[@id="StateOrRegion"]' by value AL.</msg>
<arg>${NEWCUSTSTATE}</arg>
<arg>AL</arg>
<doc>Selects options from selection list ``locator`` by ``values``.</doc>
<status status="PASS" start="2024-08-09T14:30:26.573184" elapsed="0.260018"/>
</kw>
<status status="PASS" start="2024-08-09T14:30:26.573184" elapsed="0.260018"/>
</kw>
<kw name="Select Gender" owner="NewCustomer">
<kw name="Select Radio Button" owner="SeleniumLibrary">
<msg time="2024-08-09T14:30:26.834202" level="INFO">Selecting 'female' from radio button 'gender'.</msg>
<arg>${NEWCUSTGENDER[0]}</arg>
<arg>${NEWCUSTGENDER[1]}</arg>
<doc>Sets the radio button group ``group_name`` to ``value``.</doc>
<status status="PASS" start="2024-08-09T14:30:26.833202" elapsed="0.219985"/>
</kw>
<status status="PASS" start="2024-08-09T14:30:26.833202" elapsed="0.219985"/>
</kw>
<kw name="Check Add to Promotion" owner="NewCustomer">
<kw name="Click Element" owner="SeleniumLibrary">
<msg time="2024-08-09T14:30:27.053187" level="INFO">Clicking element 'name=promos-name'.</msg>
<arg>${NEWCUSTPROMO}</arg>
<doc>Click the element identified by ``locator``.</doc>
<status status="PASS" start="2024-08-09T14:30:27.053187" elapsed="0.220056"/>
</kw>
<status status="PASS" start="2024-08-09T14:30:27.053187" elapsed="0.220056"/>
</kw>
<kw name="Click Submit" owner="NewCustomer">
<kw name="Click Button" owner="SeleniumLibrary">
<msg time="2024-08-09T14:30:27.274234" level="INFO">Clicking button 'Submit'.</msg>
<arg>${NEWCUSTSUBMIT}</arg>
<doc>Clicks the button identified by ``locator``.</doc>
<status status="PASS" start="2024-08-09T14:30:27.274234" elapsed="0.251978"/>
</kw>
<status status="PASS" start="2024-08-09T14:30:27.274234" elapsed="0.251978"/>
</kw>
<kw name="Verify Customer Added" owner="NewCustomer">
<kw name="Wait Until Page Contains" owner="SeleniumLibrary">
<arg>Success! New customer added</arg>
<doc>Waits until ``text`` appears on the current page.</doc>
<status status="PASS" start="2024-08-09T14:30:27.527209" elapsed="0.017085"/>
</kw>
<status status="PASS" start="2024-08-09T14:30:27.526212" elapsed="0.018082"/>
</kw>
<status status="PASS" start="2024-08-09T14:30:25.988008" elapsed="1.556286"/>
</kw>
<tag>testone</tag>
<status status="PASS" start="2024-08-09T14:30:25.987001" elapsed="1.557293"/>
</test>
<test id="s1-t4" name="Should Be Able to Sign Out" line="38">
<kw name="Sign out" owner="CRMApp">
<kw name="Click SignOut" owner="TopNav">
<kw name="Click Link" owner="SeleniumLibrary">
<msg time="2024-08-09T14:30:27.546291" level="INFO">Clicking link 'Sign Out'.</msg>
<arg>${SIGNOUTBTN}</arg>
<doc>Clicks a link identified by ``locator``.</doc>
<status status="PASS" start="2024-08-09T14:30:27.546291" elapsed="0.236384"/>
</kw>
<status status="PASS" start="2024-08-09T14:30:27.546291" elapsed="0.236384"/>
</kw>
<kw name="Verify Signed Out" owner="MainPage">
<kw name="Wait Until Page Contains" owner="SeleniumLibrary">
<arg>Signed Out</arg>
<doc>Waits until ``text`` appears on the current page.</doc>
<status status="PASS" start="2024-08-09T14:30:27.783674" elapsed="0.023003"/>
</kw>
<status status="PASS" start="2024-08-09T14:30:27.783674" elapsed="0.023003"/>
</kw>
<status status="PASS" start="2024-08-09T14:30:27.546291" elapsed="0.260386"/>
</kw>
<tag>testone</tag>
<status status="PASS" start="2024-08-09T14:30:27.545296" elapsed="0.262380"/>
</test>
<kw name="End Web Test" owner="Common" type="TEARDOWN">
<kw name="Log" owner="BuiltIn">
<msg time="2024-08-09T14:30:27.808679" level="INFO">Ending web test</msg>
<arg>Ending web test</arg>
<doc>Logs the given message with the given level.</doc>
<status status="PASS" start="2024-08-09T14:30:27.808679" elapsed="0.000000"/>
</kw>
<kw name="Close Browser" owner="SeleniumLibrary">
<doc>Closes the current browser.</doc>
<status status="PASS" start="2024-08-09T14:30:27.808679" elapsed="4.617010"/>
</kw>
<status status="PASS" start="2024-08-09T14:30:27.808679" elapsed="4.618002"/>
</kw>
<status status="PASS" start="2024-08-09T14:30:07.410398" elapsed="25.016283"/>
</suite>
<statistics>
<total>
<stat pass="4" fail="0" skip="0">All Tests</stat>
</total>
<tag>
<stat pass="4" fail="0" skip="0">testone</stat>
</tag>
<suite>
<stat pass="4" fail="0" skip="0" id="s1" name="Crm2">Crm2</stat>
</suite>
</statistics>
<errors>
</errors>
</robot>
