<?xml version="1.0" encoding="UTF-8"?>
<robot generator="Robot 7.0.1 (Python 3.11.4 on win32)" generated="2024-08-06T11:45:51.983100" rpa="false" schemaversion="5">
<suite id="s1" name="Amazon" source="C:\Development\Robot-Scripts\RobotScripts\Amazon\tests\Amazon.robot">
<kw name="Initialize Some Data" owner="Common" type="SETUP">
<kw name="Log" owner="BuiltIn">
<msg time="2024-08-06T11:45:52.263088" level="INFO">starting testing....</msg>
<arg>starting testing....</arg>
<doc>Logs the given message with the given level.</doc>
<status status="PASS" start="2024-08-06T11:45:52.262087" elapsed="0.001001"/>
</kw>
<status status="PASS" start="2024-08-06T11:45:52.262087" elapsed="0.001001"/>
</kw>
<test id="s1-t1" name="User can search for products" line="15">
<kw name="Begin Web Test" owner="Common" type="SETUP">
<kw name="Open Browser" owner="SeleniumLibrary">
<msg time="2024-08-06T11:45:52.264086" level="INFO">Opening browser 'ff' to base url 'about:blank'.</msg>
<arg>about:blank</arg>
<arg>ff</arg>
<doc>Opens a new browser instance to the optional ``url``.</doc>
<status status="PASS" start="2024-08-06T11:45:52.264086" elapsed="6.246138"/>
</kw>
<status status="PASS" start="2024-08-06T11:45:52.263088" elapsed="6.247136"/>
</kw>
<kw name="Search For Products" owner="Amazon">
<kw name="Go To" owner="SeleniumLibrary">
<msg time="2024-08-06T11:45:58.511226" level="INFO">Opening url 'http://www.amazon.com'</msg>
<arg>http://www.amazon.com</arg>
<doc>Navigates the current browser window to the provided ``url``.</doc>
<status status="PASS" start="2024-08-06T11:45:58.511226" elapsed="1.258506"/>
</kw>
<kw name="Wait Until Page Contains" owner="SeleniumLibrary">
<arg>Your Account</arg>
<doc>Waits until ``text`` appears on the current page.</doc>
<status status="PASS" start="2024-08-06T11:45:59.769732" elapsed="0.086999"/>
</kw>
<status status="PASS" start="2024-08-06T11:45:58.511226" elapsed="1.346505"/>
</kw>
<kw name="End Web Test" owner="Common" type="TEARDOWN">
<kw name="Close Browser" owner="SeleniumLibrary">
<doc>Closes the current browser.</doc>
<status status="PASS" start="2024-08-06T11:45:59.858726" elapsed="3.426001"/>
</kw>
<status status="PASS" start="2024-08-06T11:45:59.857731" elapsed="3.426996"/>
</kw>
<doc>This is some basic info about the test</doc>
<tag>smoke</tag>
<status status="PASS" start="2024-08-06T11:45:52.263088" elapsed="11.021639"/>
</test>
<test id="s1-t2" name="User must sign in to check out" line="20">
<kw name="Begin Web Test" owner="Common" type="SETUP">
<kw name="Open Browser" owner="SeleniumLibrary">
<msg time="2024-08-06T11:46:03.287055" level="INFO">Opening browser 'ff' to base url 'about:blank'.</msg>
<arg>about:blank</arg>
<arg>ff</arg>
<doc>Opens a new browser instance to the optional ``url``.</doc>
<status status="PASS" start="2024-08-06T11:46:03.287055" elapsed="5.976216"/>
</kw>
<status status="PASS" start="2024-08-06T11:46:03.286033" elapsed="5.977238"/>
</kw>
<kw name="Search For Products" owner="Amazon">
<kw name="Go To" owner="SeleniumLibrary">
<msg time="2024-08-06T11:46:09.264271" level="INFO">Opening url 'http://www.amazon.com'</msg>
<arg>http://www.amazon.com</arg>
<doc>Navigates the current browser window to the provided ``url``.</doc>
<status status="PASS" start="2024-08-06T11:46:09.264271" elapsed="1.645414"/>
</kw>
<kw name="Wait Until Page Contains" owner="SeleniumLibrary">
<arg>Your Account</arg>
<doc>Waits until ``text`` appears on the current page.</doc>
<status status="PASS" start="2024-08-06T11:46:10.909685" elapsed="0.086995"/>
</kw>
<status status="PASS" start="2024-08-06T11:46:09.264271" elapsed="1.732409"/>
</kw>
<kw name="Add Product to Cart" owner="Amazon">
<kw name="Input Text" owner="SeleniumLibrary">
<msg time="2024-08-06T11:46:10.997681" level="INFO">Typing text 'Ferrari 458' into text field 'id=twotabsearchtextbox'.</msg>
<arg>id=twotabsearchtextbox</arg>
<arg>Ferrari 458</arg>
<doc>Types the given ``text`` into the text field identified by ``locator``.</doc>
<status status="PASS" start="2024-08-06T11:46:10.997681" elapsed="0.220990"/>
</kw>
<kw name="Click Button" owner="SeleniumLibrary">
<msg time="2024-08-06T11:46:11.219670" level="INFO">Clicking button 'xpath=//*[@id="nav-search-submit-button"]'.</msg>
<arg>xpath=//*[@id="nav-search-submit-button"]</arg>
<doc>Clicks the button identified by ``locator``.</doc>
<status status="PASS" start="2024-08-06T11:46:11.218671" elapsed="1.629821"/>
</kw>
<kw name="Wait Until Page Contains" owner="SeleniumLibrary">
<arg>results for "Ferrari 458"</arg>
<doc>Waits until ``text`` appears on the current page.</doc>
<status status="PASS" start="2024-08-06T11:46:12.848492" elapsed="0.095982"/>
</kw>
<status status="PASS" start="2024-08-06T11:46:10.997681" elapsed="1.947799"/>
</kw>
<kw name="Begin Checkout" owner="Amazon">
<kw name="Click Link" owner="SeleniumLibrary">
<msg time="2024-08-06T11:46:12.946471" level="INFO">Clicking link 'xpath=/html/body/div[1]/div[1]/div[1]/div[1]/div/span[1]/div[1]/div[2]/div/div/div/div/span/div/div/div[3]/div[1]/h2/a'.</msg>
<arg>xpath=/html/body/div[1]/div[1]/div[1]/div[1]/div/span[1]/div[1]/div[2]/div/div/div/div/span/div/div/div[3]/div[1]/h2/a</arg>
<doc>Clicks a link identified by ``locator``.</doc>
<status status="PASS" start="2024-08-06T11:46:12.946471" elapsed="2.998239"/>
</kw>
<kw name="Wait Until Page Contains" owner="SeleniumLibrary">
<arg>Back to results</arg>
<doc>Waits until ``text`` appears on the current page.</doc>
<status status="PASS" start="2024-08-06T11:46:15.945716" elapsed="0.106988"/>
</kw>
<kw name="Click Button" owner="SeleniumLibrary">
<msg time="2024-08-06T11:46:16.053705" level="INFO">Clicking button 'id=add-to-cart-button'.</msg>
<arg>id=add-to-cart-button</arg>
<doc>Clicks the button identified by ``locator``.</doc>
<status status="PASS" start="2024-08-06T11:46:16.053705" elapsed="42.647889"/>
</kw>
<kw name="Sleep" owner="BuiltIn">
<msg time="2024-08-06T11:47:01.703590" level="INFO">Slept 3 seconds.</msg>
<arg>3</arg>
<doc>Pauses the test executed for the given time.</doc>
<status status="PASS" start="2024-08-06T11:46:58.701594" elapsed="3.001996"/>
</kw>
<kw name="Wait Until Page Contains" owner="SeleniumLibrary">
<arg>Added to Cart</arg>
<doc>Waits until ``text`` appears on the current page.</doc>
<status status="PASS" start="2024-08-06T11:47:01.703590" elapsed="0.021557"/>
</kw>
<kw name="Wait Until Page Contains" owner="SeleniumLibrary">
<arg>Cart Subtotal</arg>
<doc>Waits until ``text`` appears on the current page.</doc>
<status status="PASS" start="2024-08-06T11:47:01.726154" elapsed="0.012005"/>
</kw>
<kw name="Click Button" owner="SeleniumLibrary">
<msg time="2024-08-06T11:47:01.739150" level="INFO">Clicking button 'name=proceedToRetailCheckout'.</msg>
<arg>name=proceedToRetailCheckout</arg>
<doc>Clicks the button identified by ``locator``.</doc>
<status status="PASS" start="2024-08-06T11:47:01.738159" elapsed="0.917361"/>
</kw>
<kw name="Wait Until Page Contains Element" owner="SeleniumLibrary">
<arg>id=ap_email</arg>
<doc>Waits until the element ``locator`` appears on the current page.</doc>
<status status="PASS" start="2024-08-06T11:47:02.656517" elapsed="0.036020"/>
</kw>
<status status="PASS" start="2024-08-06T11:46:12.945480" elapsed="49.748042"/>
</kw>
<kw name="End Web Test" owner="Common" type="TEARDOWN">
<kw name="Close Browser" owner="SeleniumLibrary">
<doc>Closes the current browser.</doc>
<status status="PASS" start="2024-08-06T11:47:02.694521" elapsed="3.152880"/>
</kw>
<status status="PASS" start="2024-08-06T11:47:02.693522" elapsed="3.153879"/>
</kw>
<doc>This is some basic info about the test</doc>
<tag>smoke</tag>
<status status="PASS" start="2024-08-06T11:46:03.286033" elapsed="62.562376"/>
</test>
<kw name="Cleanup Some Data" owner="Common" type="TEARDOWN">
<kw name="Log" owner="BuiltIn">
<msg time="2024-08-06T11:47:05.850391" level="INFO">end testing</msg>
<arg>end testing</arg>
<doc>Logs the given message with the given level.</doc>
<status status="PASS" start="2024-08-06T11:47:05.849409" elapsed="0.000982"/>
</kw>
<status status="PASS" start="2024-08-06T11:47:05.849409" elapsed="0.000982"/>
</kw>
<doc>This is some basic info about the whole suite</doc>
<status status="PASS" start="2024-08-06T11:45:51.984101" elapsed="73.866290"/>
</suite>
<statistics>
<total>
<stat pass="2" fail="0" skip="0">All Tests</stat>
</total>
<tag>
<stat pass="2" fail="0" skip="0">smoke</stat>
</tag>
<suite>
<stat pass="2" fail="0" skip="0" id="s1" name="Amazon">Amazon</stat>
</suite>
</statistics>
<errors>
</errors>
</robot>
