<?xml version="1.0" encoding="UTF-8"?>
<robot generator="Robot 7.0.1 (Python 3.11.4 on win32)" generated="2024-08-08T12:55:18.118323" rpa="false" schemaversion="5">
<suite id="s1" name="Amazon" source="C:\Development\Robot-Scripts\RobotScripts\Amazon\tests\amazon.robot">
<test id="s1-t1" name="Set List Variables" line="32">
<kw name="Create List" owner="BuiltIn">
<msg time="2024-08-08T12:55:18.356313" level="INFO">@{my_list_variable_two} = [ Hello | Word | ! ]</msg>
<var>@{my_list_variable_two}</var>
<arg>Hello</arg>
<arg>Word</arg>
<arg>!</arg>
<doc>Returns a list containing given items.</doc>
<status status="PASS" start="2024-08-08T12:55:18.356313" elapsed="0.000000"/>
</kw>
<kw name="Log" owner="BuiltIn">
<msg time="2024-08-08T12:55:18.357311" level="INFO">create list</msg>
<arg>${MY_LIST_VARIABLE[0]}</arg>
<doc>Logs the given message with the given level.</doc>
<status status="PASS" start="2024-08-08T12:55:18.357311" elapsed="0.000000"/>
</kw>
<kw name="Log" owner="BuiltIn">
<msg time="2024-08-08T12:55:18.358312" level="INFO">Item 1</msg>
<arg>${MY_LIST_VARIABLE[1]}</arg>
<doc>Logs the given message with the given level.</doc>
<status status="PASS" start="2024-08-08T12:55:18.357311" elapsed="0.001001"/>
</kw>
<kw name="Log" owner="BuiltIn">
<msg time="2024-08-08T12:55:18.358312" level="INFO">Hello</msg>
<arg>${my_list_variable_two[0]}</arg>
<doc>Logs the given message with the given level.</doc>
<status status="PASS" start="2024-08-08T12:55:18.358312" elapsed="0.001001"/>
</kw>
<kw name="Log" owner="BuiltIn">
<msg time="2024-08-08T12:55:18.359313" level="INFO">Word</msg>
<arg>${my_list_variable_two[1]}</arg>
<doc>Logs the given message with the given level.</doc>
<status status="PASS" start="2024-08-08T12:55:18.359313" elapsed="0.000000"/>
</kw>
<kw name="Log" owner="BuiltIn">
<msg time="2024-08-08T12:55:18.360312" level="INFO">!</msg>
<arg>${my_list_variable_two[2]}</arg>
<doc>Logs the given message with the given level.</doc>
<status status="PASS" start="2024-08-08T12:55:18.360312" elapsed="0.000000"/>
</kw>
<doc>This is some basic setting of list variables</doc>
<tag>testing_list</tag>
<status status="PASS" start="2024-08-08T12:55:18.355315" elapsed="0.004997"/>
</test>
<doc>This is some basic info about the whole suite</doc>
<status status="PASS" start="2024-08-08T12:55:18.120326" elapsed="0.240988"/>
</suite>
<statistics>
<total>
<stat pass="1" fail="0" skip="0">All Tests</stat>
</total>
<tag>
<stat pass="1" fail="0" skip="0">testing_list</stat>
</tag>
<suite>
<stat pass="1" fail="0" skip="0" id="s1" name="Amazon">Amazon</stat>
</suite>
</statistics>
<errors>
</errors>
</robot>
